<?xml version="1.0" encoding="UTF-8"?>
<!-- Generated by org.testng.reporters.JUnitReportReporter -->
<testsuite hostname="DTLPHY20" failures="0" tests="5" name="Dependency_Methods.dependencyMethods" time="33.454" errors="0" timestamp="2024-08-12T09:05:33 IST" skipped="0">
  <testcase classname="Dependency_Methods.dependencyMethods" name="openapp" time="11.566"/>
  <system-out/>
  <testcase classname="Dependency_Methods.dependencyMethods" name="login" time="1.058"/>
  <system-out/>
  <testcase classname="Dependency_Methods.dependencyMethods" name="click1" time="4.006"/>
  <system-out/>
  <testcase classname="Dependency_Methods.dependencyMethods" name="click2" time="4.441"/>
  <system-out/>
  <testcase classname="Dependency_Methods.dependencyMethods" name="logout" time="12.383"/>
  <system-out/>
</testsuite> <!-- Dependency_Methods.dependencyMethods -->
