<?xml version="1.0" encoding="UTF-8"?>
<!-- Generated by org.testng.reporters.JUnitReportReporter -->
<testsuite hostname="DTLPHY20" failures="0" tests="6" name="Groupingtests.class1" time="37.920" errors="0" timestamp="2024-10-15T09:59:33 IST" skipped="0">
  <testcase classname="Groupingtests.class1" name="openapp" time="13.013"/>
  <system-out/>
  <testcase classname="Groupingtests.class1" name="login" time="1.091"/>
  <system-out/>
  <testcase classname="Groupingtests.class1" name="click" time="3.114"/>
  <system-out/>
  <testcase classname="Groupingtests.class1" name="click2" time="3.038"/>
  <system-out/>
  <testcase classname="Groupingtests.class1" name="click3" time="3.019"/>
  <system-out/>
  <testcase classname="Groupingtests.class1" name="Logout" time="14.645"/>
  <system-out/>
</testsuite> <!-- Groupingtests.class1 -->
