<?xml version="1.0" encoding="UTF-8"?>
<!-- Generated by org.testng.reporters.JUnitReportReporter -->
<testsuite hostname="DTLPHY20" failures="0" tests="2" name="Annotations.Practice1" time="46.563" errors="0" timestamp="2024-08-13T09:36:36 IST" skipped="0">
  <testcase classname="Annotations.Practice1" name="search" time="23.581"/>
  <system-out/>
  <testcase classname="Annotations.Practice1" name="click" time="22.982"/>
  <system-out/>
</testsuite> <!-- Annotations.Practice1 -->
