<?xml version="1.0" encoding="UTF-8"?>
<!-- Generated by org.testng.reporters.JUnitReportReporter -->
<testsuite hostname="DTLPHY20" failures="0" tests="6" name="Practice_All.practice1" time="45.573" errors="0" timestamp="2024-07-10T09:19:37 IST" skipped="0">
  <testcase classname="Practice_All.practice1" name="openapp" time="9.896"/>
  <system-out/>
  <testcase classname="Practice_All.practice1" name="login" time="2.510"/>
  <system-out/>
  <testcase classname="Practice_All.practice1" name="clickPIM" time="4.244"/>
  <system-out/>
  <testcase classname="Practice_All.practice1" name="clickAddEmployee" time="5.009"/>
  <system-out/>
  <testcase classname="Practice_All.practice1" name="pic" time="8.897"/>
  <system-out/>
  <testcase classname="Practice_All.practice1" name="Logout" time="15.017"/>
  <system-out/>
</testsuite> <!-- Practice_All.practice1 -->
