<?xml version="1.0" encoding="UTF-8"?>
<!-- Generated by org.testng.reporters.JUnitReportReporter -->
<testsuite hostname="DTLPHY20" failures="0" tests="1" name="PageObject.mainOrangehrm" time="2.300" errors="0" timestamp="2024-07-15T09:31:50 IST" skipped="0">
  <testcase classname="PageObject.mainOrangehrm" name="login" time="2.300"/>
  <system-out/>
</testsuite> <!-- PageObject.mainOrangehrm -->
