<?xml version="1.0" encoding="UTF-8"?>
<!-- Generated by org.testng.reporters.JUnitReportReporter -->
<testsuite hostname="DTLPHY20" failures="0" tests="1" name="Practice_All.testassin" time="35.165" errors="0" timestamp="2024-07-18T12:28:00 IST" skipped="0">
  <testcase classname="Practice_All.testassin" name="Task" time="35.165"/>
  <system-out/>
</testsuite> <!-- Practice_All.testassin -->
