<?xml version="1.0" encoding="UTF-8"?>
<!-- Generated by org.testng.reporters.JUnitReportReporter -->
<testsuite hostname="DTLPHY20" failures="0" tests="2" name="Practice_All.Listenerstest12" time="10.887" errors="0" timestamp="2024-07-10T15:05:31 IST" skipped="0">
  <testcase classname="Practice_All.Listenerstest12" name="login" time="5.417"/>
  <system-out/>
  <testcase classname="Practice_All.Listenerstest12" name="mailid" time="5.470"/>
  <system-out/>
</testsuite> <!-- Practice_All.Listenerstest12 -->
