<?xml version="1.0" encoding="UTF-8"?>
<!-- Generated by org.testng.reporters.JUnitReportReporter -->
<testsuite hostname="DTLPHY20" failures="0" tests="1" name="PageObject.testClass" time="16.290" errors="0" timestamp="2024-07-16T12:49:48 IST" skipped="0">
  <testcase classname="PageObject.testClass" name="login" time="16.290"/>
  <system-out/>
</testsuite> <!-- PageObject.testClass -->
