<?xml version="1.0" encoding="UTF-8"?>
<!-- Generated by org.testng.reporters.JUnitReportReporter -->
<testsuite hostname="DTLPHY20" failures="0" tests="1" name="Annotations.All_annotations" time="0.015" errors="0" timestamp="2024-09-12T14:22:43 IST" skipped="0">
  <testcase classname="Annotations.All_annotations" name="transaction" time="0.015"/>
  <system-out/>
</testsuite> <!-- Annotations.All_annotations -->
