<?xml version="1.0" encoding="UTF-8"?>
<!-- Generated by org.testng.reporters.JUnitReportReporter -->
<testsuite hostname="DTLPHY20" failures="0" tests="5" name="testdemo1.ITestlistener" time="32.391" errors="0" timestamp="2024-07-16T09:15:02 IST" skipped="0">
  <testcase classname="testdemo1.ITestlistener" name="openapp" time="9.753"/>
  <system-out/>
  <testcase classname="testdemo1.ITestlistener" name="login" time="2.218"/>
  <system-out/>
  <testcase classname="testdemo1.ITestlistener" name="click1" time="4.100"/>
  <system-out/>
  <testcase classname="testdemo1.ITestlistener" name="click2" time="4.034"/>
  <system-out/>
  <testcase classname="testdemo1.ITestlistener" name="logout" time="12.286"/>
  <system-out/>
</testsuite> <!-- testdemo1.ITestlistener -->
