<?xml version="1.0" encoding="UTF-8"?>
<!-- Generated by org.testng.reporters.JUnitReportReporter -->
<testsuite hostname="DTLPHY20" failures="0" tests="18" name="Practice_All.practice2Parallel" time="48.411" errors="0" timestamp="2024-07-10T09:28:41 IST" skipped="0">
  <testcase classname="Practice_All.practice2Parallel" name="launch" time="8.037"/>
  <system-out/>
  <testcase classname="Practice_All.practice2Parallel" name="launch" time="11.003"/>
  <system-out/>
  <testcase classname="Practice_All.practice2Parallel" name="launch" time="7.041"/>
  <system-out/>
  <testcase classname="Practice_All.practice2Parallel" name="register" time="0.643"/>
  <system-out/>
  <testcase classname="Practice_All.practice2Parallel" name="register" time="2.305"/>
  <system-out/>
  <testcase classname="Practice_All.practice2Parallel" name="register" time="6.458"/>
  <system-out/>
  <testcase classname="Practice_All.practice2Parallel" name="contact" time="0.512"/>
  <system-out/>
  <testcase classname="Practice_All.practice2Parallel" name="contact" time="1.025"/>
  <system-out/>
  <testcase classname="Practice_All.practice2Parallel" name="contact" time="0.501"/>
  <system-out/>
  <testcase classname="Practice_All.practice2Parallel" name="psldetails" time="0.305"/>
  <system-out/>
  <testcase classname="Practice_All.practice2Parallel" name="psldetails" time="0.296"/>
  <system-out/>
  <testcase classname="Practice_All.practice2Parallel" name="psldetails" time="1.152"/>
  <system-out/>
  <testcase classname="Practice_All.practice2Parallel" name="hobbies" time="3.288"/>
  <system-out/>
  <testcase classname="Practice_All.practice2Parallel" name="hobbies" time="0.751"/>
  <system-out/>
  <testcase classname="Practice_All.practice2Parallel" name="hobbies" time="1.746"/>
  <system-out/>
  <testcase classname="Practice_All.practice2Parallel" name="password" time="0.761"/>
  <system-out/>
  <testcase classname="Practice_All.practice2Parallel" name="password" time="0.338"/>
  <system-out/>
  <testcase classname="Practice_All.practice2Parallel" name="password" time="2.249"/>
  <system-out/>
</testsuite> <!-- Practice_All.practice2Parallel -->
