<?xml version="1.0" encoding="UTF-8"?>
<!-- Generated by org.testng.reporters.JUnitReportReporter -->
<testsuite hostname="DTLPHY20" failures="0" tests="1" name="Practice_All.TestCase" time="4.029" errors="0" timestamp="2024-07-18T09:47:04 IST" skipped="0">
  <testcase classname="Practice_All.TestCase" name="login" time="4.029"/>
  <system-out/>
</testsuite> <!-- Practice_All.TestCase -->
