<?xml version="1.0" encoding="UTF-8"?>
<!-- Generated by org.testng.reporters.JUnitReportReporter -->
<testsuite hostname="DTLPHY20" failures="0" tests="4" name="Practice_All.listenerclass1" time="14.070" errors="0" timestamp="2024-07-10T16:06:42 IST" skipped="0">
  <testcase classname="Practice_All.listenerclass1" name="login" time="6.435"/>
  <system-out/>
  <testcase classname="Practice_All.listenerclass1" name="url" time="0.123"/>
  <system-out/>
  <testcase classname="Practice_All.listenerclass1" name="logo" time="0.218"/>
  <system-out/>
  <testcase classname="Practice_All.listenerclass1" name="mailid" time="7.294"/>
  <system-out/>
</testsuite> <!-- Practice_All.listenerclass1 -->
