<?xml version="1.0" encoding="UTF-8"?>
<!-- Generated by org.testng.reporters.JUnitReportReporter -->
<testsuite hostname="DTLPHY20" failures="0" tests="1" name="Practice_All.pomclass1" time="0.873" errors="0" timestamp="2024-08-12T10:44:55 IST" skipped="0">
  <testcase classname="Practice_All.pomclass1" name="login" time="0.873"/>
  <system-out/>
</testsuite> <!-- Practice_All.pomclass1 -->
