<?xml version="1.0" encoding="UTF-8"?>
<!-- Generated by org.testng.reporters.JUnitReportReporter -->
<testsuite hostname="DTLPHY20" failures="0" tests="1" name="Practice_All.Asserts_TC1" time="25.419" errors="0" timestamp="2024-08-12T09:31:08 IST" skipped="0">
  <testcase classname="Practice_All.Asserts_TC1" name="login" time="25.419"/>
  <system-out/>
</testsuite> <!-- Practice_All.Asserts_TC1 -->
